[09-Sep-2018 20:37:13 UTC] PHP Fatal error:  Uncaught Error: Class 'WP_CLI\SynopsisValidator' not found in phar:///usr/local/bin/wp/php/WP_CLI/Dispatcher/Subcommand.php:254
Stack trace:
#0 phar:///usr/local/bin/wp/php/WP_CLI/Dispatcher/Subcommand.php(386): WP_CLI\Dispatcher\Subcommand->validate_args(Array, Array, Array)
#1 phar:///usr/local/bin/wp/php/WP_CLI/Runner.php(323): WP_CLI\Dispatcher\Subcommand->invoke(Array, Array, Array)
#2 phar:///usr/local/bin/wp/php/WP_CLI/Runner.php(330): WP_CLI\Runner->run_command(Array, Array)
#3 phar:///usr/local/bin/wp/php/WP_CLI/Runner.php(985): WP_CLI\Runner->_run_command()
#4 phar:///usr/local/bin/wp/php/WP_CLI/Bootstrap/LaunchRunner.php(23): WP_CLI\Runner->start()
#5 phar:///usr/local/bin/wp/php/bootstrap.php(75): WP_CLI\Bootstrap\LaunchRunner->process(Object(WP_CLI\Bootstrap\BootstrapState))
#6 phar:///usr/local/bin/wp/php/wp-cli.php(23): WP_CLI\bootstrap()
#7 phar:///usr/local/bin/wp/php/boot-phar.php(8): include('phar:///usr/loc...')
#8 /usr/local/bin/wp(4): include('phar:///usr/loc...')
#9 {main}
  thrown in phar:///usr/local/bin/wp/php/WP_CLI/Dispatcher/Subcommand.php on line 254
[09-Sep-2018 20:37:13 UTC] PHP Fatal error:  Uncaught Error: Class 'WP_CLI\SynopsisValidator' not found in phar:///usr/local/bin/wp/php/WP_CLI/Dispatcher/Subcommand.php:254
Stack trace:
#0 phar:///usr/local/bin/wp/php/WP_CLI/Dispatcher/Subcommand.php(386): WP_CLI\Dispatcher\Subcommand->validate_args(Array, Array, Array)
#1 phar:///usr/local/bin/wp/php/WP_CLI/Runner.php(323): WP_CLI\Dispatcher\Subcommand->invoke(Array, Array, Array)
#2 phar:///usr/local/bin/wp/php/WP_CLI/Runner.php(330): WP_CLI\Runner->run_command(Array, Array)
#3 phar:///usr/local/bin/wp/php/WP_CLI/Runner.php(985): WP_CLI\Runner->_run_command()
#4 phar:///usr/local/bin/wp/php/WP_CLI/Bootstrap/LaunchRunner.php(23): WP_CLI\Runner->start()
#5 phar:///usr/local/bin/wp/php/bootstrap.php(75): WP_CLI\Bootstrap\LaunchRunner->process(Object(WP_CLI\Bootstrap\BootstrapState))
#6 phar:///usr/local/bin/wp/php/wp-cli.php(23): WP_CLI\bootstrap()
#7 phar:///usr/local/bin/wp/php/boot-phar.php(8): include('phar:///usr/loc...')
#8 /usr/local/bin/wp(4): include('phar:///usr/loc...')
#9 {main}
  thrown in phar:///usr/local/bin/wp/php/WP_CLI/Dispatcher/Subcommand.php on line 254
[02-Mar-2019 17:02:03 UTC] PHP Parse error:  syntax error, unexpected 'echo' (T_ECHO) in /app/public/experiment.php on line 1
[02-Mar-2019 22:18:26 UTC] PHP Parse error:  syntax error, unexpected '}', expecting ',' or ';' in /app/public/wp-content/themes/newtheme/index.php on line 4
[02-Mar-2019 22:41:35 UTC] PHP Parse error:  syntax error, unexpected ')' in /app/public/wp-content/themes/newtheme/index.php on line 6
[02-Mar-2019 22:42:29 UTC] PHP Parse error:  syntax error, unexpected ')' in /app/public/wp-content/themes/newtheme/index.php on line 6
[02-Mar-2019 22:43:53 UTC] PHP Parse error:  syntax error, unexpected ')' in /app/public/wp-content/themes/newtheme/index.php on line 6
[02-Mar-2019 22:44:44 UTC] PHP Parse error:  syntax error, unexpected ')' in /app/public/wp-content/themes/newtheme/index.php on line 6
[02-Mar-2019 22:44:45 UTC] PHP Parse error:  syntax error, unexpected ')' in /app/public/wp-content/themes/newtheme/index.php on line 6
[02-Mar-2019 22:45:52 UTC] PHP Parse error:  syntax error, unexpected ')' in /app/public/wp-content/themes/newtheme/index.php on line 6
[02-Mar-2019 22:46:18 UTC] PHP Parse error:  syntax error, unexpected ')' in /app/public/wp-content/themes/newtheme/index.php on line 6
[02-Mar-2019 22:48:41 UTC] PHP Parse error:  syntax error, unexpected ')' in /app/public/wp-content/themes/newtheme/index.php on line 6
[02-Mar-2019 22:49:57 UTC] PHP Fatal error:  Uncaught Error: Call to undefined function i() in /app/public/wp-content/themes/newtheme/index.php:6
Stack trace:
#0 /app/public/wp-includes/template-loader.php(74): include()
#1 /app/public/wp-blog-header.php(19): require_once('/app/public/wp-...')
#2 /app/public/index.php(17): require('/app/public/wp-...')
#3 {main}
  thrown in /app/public/wp-content/themes/newtheme/index.php on line 6
[02-Mar-2019 22:50:40 UTC] PHP Fatal error:  Uncaught Error: Call to undefined function increment() in /app/public/wp-content/themes/newtheme/index.php:6
Stack trace:
#0 /app/public/wp-includes/template-loader.php(74): include()
#1 /app/public/wp-blog-header.php(19): require_once('/app/public/wp-...')
#2 /app/public/index.php(17): require('/app/public/wp-...')
#3 {main}
  thrown in /app/public/wp-content/themes/newtheme/index.php on line 6
[02-Mar-2019 22:53:16 UTC] PHP Parse error:  syntax error, unexpected '}', expecting ',' or ';' in /app/public/wp-content/themes/newtheme/index.php on line 13
[02-Mar-2019 22:54:49 UTC] PHP Parse error:  syntax error, unexpected '}', expecting ',' or ';' in /app/public/wp-content/themes/newtheme/index.php on line 13
[02-Mar-2019 22:55:15 UTC] PHP Fatal error:  Uncaught Error: Call to undefined function i() in /app/public/wp-content/themes/newtheme/index.php:11
Stack trace:
#0 /app/public/wp-includes/template-loader.php(74): include()
#1 /app/public/wp-blog-header.php(19): require_once('/app/public/wp-...')
#2 /app/public/index.php(17): require('/app/public/wp-...')
#3 {main}
  thrown in /app/public/wp-content/themes/newtheme/index.php on line 11
[02-Mar-2019 22:55:46 UTC] PHP Fatal error:  Uncaught Error: Call to undefined function c() in /app/public/wp-content/themes/newtheme/index.php:11
Stack trace:
#0 /app/public/wp-includes/template-loader.php(74): include()
#1 /app/public/wp-blog-header.php(19): require_once('/app/public/wp-...')
#2 /app/public/index.php(17): require('/app/public/wp-...')
#3 {main}
  thrown in /app/public/wp-content/themes/newtheme/index.php on line 11
[02-Mar-2019 22:56:34 UTC] PHP Fatal error:  Uncaught Error: Call to undefined function i() in /app/public/wp-content/themes/newtheme/index.php:11
Stack trace:
#0 /app/public/wp-includes/template-loader.php(74): include()
#1 /app/public/wp-blog-header.php(19): require_once('/app/public/wp-...')
#2 /app/public/index.php(17): require('/app/public/wp-...')
#3 {main}
  thrown in /app/public/wp-content/themes/newtheme/index.php on line 11
[02-Mar-2019 22:57:11 UTC] PHP Fatal error:  Uncaught Error: Call to undefined function test() in /app/public/wp-content/themes/newtheme/index.php:11
Stack trace:
#0 /app/public/wp-includes/template-loader.php(74): include()
#1 /app/public/wp-blog-header.php(19): require_once('/app/public/wp-...')
#2 /app/public/index.php(17): require('/app/public/wp-...')
#3 {main}
  thrown in /app/public/wp-content/themes/newtheme/index.php on line 11
[02-Mar-2019 22:58:41 UTC] PHP Fatal error:  Uncaught Error: Call to undefined function counter() in /app/public/wp-content/themes/newtheme/index.php:11
Stack trace:
#0 /app/public/wp-includes/template-loader.php(74): include()
#1 /app/public/wp-blog-header.php(19): require_once('/app/public/wp-...')
#2 /app/public/index.php(17): require('/app/public/wp-...')
#3 {main}
  thrown in /app/public/wp-content/themes/newtheme/index.php on line 11
[02-Mar-2019 22:58:49 UTC] PHP Fatal error:  Uncaught Error: Call to undefined function counter() in /app/public/wp-content/themes/newtheme/index.php:11
Stack trace:
#0 /app/public/wp-includes/template-loader.php(74): include()
#1 /app/public/wp-blog-header.php(19): require_once('/app/public/wp-...')
#2 /app/public/index.php(17): require('/app/public/wp-...')
#3 {main}
  thrown in /app/public/wp-content/themes/newtheme/index.php on line 11
[02-Mar-2019 22:59:17 UTC] PHP Fatal error:  Uncaught Error: Call to undefined function coun() in /app/public/wp-content/themes/newtheme/index.php:11
Stack trace:
#0 /app/public/wp-includes/template-loader.php(74): include()
#1 /app/public/wp-blog-header.php(19): require_once('/app/public/wp-...')
#2 /app/public/index.php(17): require('/app/public/wp-...')
#3 {main}
  thrown in /app/public/wp-content/themes/newtheme/index.php on line 11
[02-Mar-2019 23:00:20 UTC] PHP Fatal error:  Uncaught Error: Call to undefined function coun() in /app/public/wp-content/themes/newtheme/index.php:11
Stack trace:
#0 /app/public/wp-includes/template-loader.php(74): include()
#1 /app/public/wp-blog-header.php(19): require_once('/app/public/wp-...')
#2 /app/public/index.php(17): require('/app/public/wp-...')
#3 {main}
  thrown in /app/public/wp-content/themes/newtheme/index.php on line 11
[02-Mar-2019 23:00:30 UTC] PHP Fatal error:  Uncaught Error: Call to undefined function coun() in /app/public/wp-content/themes/newtheme/index.php:11
Stack trace:
#0 /app/public/wp-includes/template-loader.php(74): include()
#1 /app/public/wp-blog-header.php(19): require_once('/app/public/wp-...')
#2 /app/public/index.php(17): require('/app/public/wp-...')
#3 {main}
  thrown in /app/public/wp-content/themes/newtheme/index.php on line 11
[02-Mar-2019 23:00:32 UTC] PHP Fatal error:  Uncaught Error: Call to undefined function coun() in /app/public/wp-content/themes/newtheme/index.php:11
Stack trace:
#0 /app/public/wp-includes/template-loader.php(74): include()
#1 /app/public/wp-blog-header.php(19): require_once('/app/public/wp-...')
#2 /app/public/index.php(17): require('/app/public/wp-...')
#3 {main}
  thrown in /app/public/wp-content/themes/newtheme/index.php on line 11
[02-Mar-2019 23:00:49 UTC] PHP Fatal error:  Uncaught Error: Call to undefined function t() in /app/public/wp-content/themes/newtheme/index.php:11
Stack trace:
#0 /app/public/wp-includes/template-loader.php(74): include()
#1 /app/public/wp-blog-header.php(19): require_once('/app/public/wp-...')
#2 /app/public/index.php(17): require('/app/public/wp-...')
#3 {main}
  thrown in /app/public/wp-content/themes/newtheme/index.php on line 11
[02-Mar-2019 23:01:07 UTC] PHP Fatal error:  Uncaught Error: Call to undefined function countt() in /app/public/wp-content/themes/newtheme/index.php:11
Stack trace:
#0 /app/public/wp-includes/template-loader.php(74): include()
#1 /app/public/wp-blog-header.php(19): require_once('/app/public/wp-...')
#2 /app/public/index.php(17): require('/app/public/wp-...')
#3 {main}
  thrown in /app/public/wp-content/themes/newtheme/index.php on line 11
[02-Mar-2019 23:01:38 UTC] PHP Fatal error:  Uncaught Error: Call to undefined function i() in /app/public/wp-content/themes/newtheme/index.php:6
Stack trace:
#0 /app/public/wp-includes/template-loader.php(74): include()
#1 /app/public/wp-blog-header.php(19): require_once('/app/public/wp-...')
#2 /app/public/index.php(17): require('/app/public/wp-...')
#3 {main}
  thrown in /app/public/wp-content/themes/newtheme/index.php on line 6
[02-Mar-2019 23:03:01 UTC] PHP Fatal error:  Uncaught Error: Call to undefined function t() in /app/public/wp-content/themes/newtheme/index.php:6
Stack trace:
#0 /app/public/wp-includes/template-loader.php(74): include()
#1 /app/public/wp-blog-header.php(19): require_once('/app/public/wp-...')
#2 /app/public/index.php(17): require('/app/public/wp-...')
#3 {main}
  thrown in /app/public/wp-content/themes/newtheme/index.php on line 6
[02-Mar-2019 23:04:45 UTC] PHP Fatal error:  Uncaught Error: Call to undefined function t() in /app/public/wp-content/themes/newtheme/index.php:6
Stack trace:
#0 /app/public/wp-includes/template-loader.php(74): include()
#1 /app/public/wp-blog-header.php(19): require_once('/app/public/wp-...')
#2 /app/public/index.php(17): require('/app/public/wp-...')
#3 {main}
  thrown in /app/public/wp-content/themes/newtheme/index.php on line 6
[02-Mar-2019 23:05:10 UTC] PHP Fatal error:  Uncaught Error: Call to undefined function t() in /app/public/wp-content/themes/newtheme/index.php:6
Stack trace:
#0 /app/public/wp-includes/template-loader.php(74): include()
#1 /app/public/wp-blog-header.php(19): require_once('/app/public/wp-...')
#2 /app/public/index.php(17): require('/app/public/wp-...')
#3 {main}
  thrown in /app/public/wp-content/themes/newtheme/index.php on line 6
[02-Mar-2019 23:07:50 UTC] PHP Fatal error:  Uncaught Error: Call to undefined function c() in /app/public/wp-content/themes/newtheme/index.php:6
Stack trace:
#0 /app/public/wp-includes/template-loader.php(74): include()
#1 /app/public/wp-blog-header.php(19): require_once('/app/public/wp-...')
#2 /app/public/index.php(17): require('/app/public/wp-...')
#3 {main}
  thrown in /app/public/wp-content/themes/newtheme/index.php on line 6
[02-Mar-2019 23:09:21 UTC] PHP Fatal error:  Uncaught Error: Call to undefined function c() in /app/public/wp-content/themes/newtheme/index.php:6
Stack trace:
#0 /app/public/wp-includes/template-loader.php(74): include()
#1 /app/public/wp-blog-header.php(19): require_once('/app/public/wp-...')
#2 /app/public/index.php(17): require('/app/public/wp-...')
#3 {main}
  thrown in /app/public/wp-content/themes/newtheme/index.php on line 6
[02-Mar-2019 23:09:26 UTC] PHP Fatal error:  Uncaught Error: Call to undefined function c() in /app/public/wp-content/themes/newtheme/index.php:6
Stack trace:
#0 /app/public/wp-includes/template-loader.php(74): include()
#1 /app/public/wp-blog-header.php(19): require_once('/app/public/wp-...')
#2 /app/public/index.php(17): require('/app/public/wp-...')
#3 {main}
  thrown in /app/public/wp-content/themes/newtheme/index.php on line 6
[02-Mar-2019 23:10:11 UTC] PHP Fatal error:  Uncaught Error: Call to undefined function c() in /app/public/wp-content/themes/newtheme/index.php:6
Stack trace:
#0 /app/public/wp-includes/template-loader.php(74): include()
#1 /app/public/wp-blog-header.php(19): require_once('/app/public/wp-...')
#2 /app/public/index.php(17): require('/app/public/wp-...')
#3 {main}
  thrown in /app/public/wp-content/themes/newtheme/index.php on line 6
[02-Mar-2019 23:17:56 UTC] PHP Parse error:  syntax error, unexpected '++' (T_INC) in /app/public/wp-content/themes/newtheme/index.php on line 8
[03-Mar-2019 00:11:07 UTC] PHP Fatal error:  Uncaught Error: Call to undefined function the_posts() in /app/public/wp-content/themes/newtheme/index.php:4
Stack trace:
#0 /app/public/wp-includes/template-loader.php(74): include()
#1 /app/public/wp-blog-header.php(19): require_once('/app/public/wp-...')
#2 /app/public/index.php(17): require('/app/public/wp-...')
#3 {main}
  thrown in /app/public/wp-content/themes/newtheme/index.php on line 4
[03-Mar-2019 00:39:41 UTC] PHP Fatal error:  Uncaught Error: Call to undefined function have_pages() in /app/public/wp-content/themes/newtheme/page.php:3
Stack trace:
#0 /app/public/wp-includes/template-loader.php(74): include()
#1 /app/public/wp-blog-header.php(19): require_once('/app/public/wp-...')
#2 /app/public/index.php(17): require('/app/public/wp-...')
#3 {main}
  thrown in /app/public/wp-content/themes/newtheme/page.php on line 3
[03-Mar-2019 10:33:10 UTC] PHP Fatal error:  Uncaught Error: Call to undefined function wp_enqueue_styl() in /app/public/wp-content/themes/newtheme/functions.php:4
Stack trace:
#0 /app/public/wp-includes/class-wp-hook.php(286): university_file('')
#1 /app/public/wp-includes/class-wp-hook.php(310): WP_Hook->apply_filters('', Array)
#2 /app/public/wp-includes/plugin.php(453): WP_Hook->do_action(Array)
#3 /app/public/wp-includes/script-loader.php(1447): do_action('wp_enqueue_scri...')
#4 /app/public/wp-includes/class-wp-hook.php(286): wp_enqueue_scripts('')
#5 /app/public/wp-includes/class-wp-hook.php(310): WP_Hook->apply_filters(NULL, Array)
#6 /app/public/wp-includes/plugin.php(453): WP_Hook->do_action(Array)
#7 /app/public/wp-includes/general-template.php(2614): do_action('wp_head')
#8 /app/public/wp-content/themes/newtheme/header.php(4): wp_head()
#9 /app/public/wp-includes/template.php(688): require_once('/app/public/wp-...')
#10 /app/public/wp-includes/template.php(647): load_template('/app/public/wp-...', true)
#11 /app/public/wp-includes/general-te in /app/public/wp-content/themes/newtheme/functions.php on line 4
[03-Mar-2019 10:42:47 UTC] PHP Fatal error:  Uncaught Error: Call to undefined function wp_enqueue_styl() in /app/public/wp-content/themes/newtheme/functions.php:4
Stack trace:
#0 /app/public/wp-includes/class-wp-hook.php(286): university_file('')
#1 /app/public/wp-includes/class-wp-hook.php(310): WP_Hook->apply_filters('', Array)
#2 /app/public/wp-includes/plugin.php(453): WP_Hook->do_action(Array)
#3 /app/public/wp-includes/script-loader.php(1447): do_action('wp_enqueue_scri...')
#4 /app/public/wp-includes/class-wp-hook.php(286): wp_enqueue_scripts('')
#5 /app/public/wp-includes/class-wp-hook.php(310): WP_Hook->apply_filters(NULL, Array)
#6 /app/public/wp-includes/plugin.php(453): WP_Hook->do_action(Array)
#7 /app/public/wp-includes/general-template.php(2614): do_action('wp_head')
#8 /app/public/wp-content/themes/newtheme/header.php(4): wp_head()
#9 /app/public/wp-includes/template.php(688): require_once('/app/public/wp-...')
#10 /app/public/wp-includes/template.php(647): load_template('/app/public/wp-...', true)
#11 /app/public/wp-includes/general-te in /app/public/wp-content/themes/newtheme/functions.php on line 4
[03-Mar-2019 10:42:54 UTC] PHP Fatal error:  Uncaught Error: Call to undefined function wp_enqueue_styl() in /app/public/wp-content/themes/newtheme/functions.php:4
Stack trace:
#0 /app/public/wp-includes/class-wp-hook.php(286): university_file('')
#1 /app/public/wp-includes/class-wp-hook.php(310): WP_Hook->apply_filters('', Array)
#2 /app/public/wp-includes/plugin.php(453): WP_Hook->do_action(Array)
#3 /app/public/wp-includes/script-loader.php(1447): do_action('wp_enqueue_scri...')
#4 /app/public/wp-includes/class-wp-hook.php(286): wp_enqueue_scripts('')
#5 /app/public/wp-includes/class-wp-hook.php(310): WP_Hook->apply_filters(NULL, Array)
#6 /app/public/wp-includes/plugin.php(453): WP_Hook->do_action(Array)
#7 /app/public/wp-includes/general-template.php(2614): do_action('wp_head')
#8 /app/public/wp-content/themes/newtheme/header.php(4): wp_head()
#9 /app/public/wp-includes/template.php(688): require_once('/app/public/wp-...')
#10 /app/public/wp-includes/template.php(647): load_template('/app/public/wp-...', true)
#11 /app/public/wp-includes/general-te in /app/public/wp-content/themes/newtheme/functions.php on line 4
[03-Mar-2019 10:43:00 UTC] PHP Fatal error:  Uncaught Error: Call to undefined function wp_enqueue_styl() in /app/public/wp-content/themes/newtheme/functions.php:4
Stack trace:
#0 /app/public/wp-includes/class-wp-hook.php(286): university_file('')
#1 /app/public/wp-includes/class-wp-hook.php(310): WP_Hook->apply_filters('', Array)
#2 /app/public/wp-includes/plugin.php(453): WP_Hook->do_action(Array)
#3 /app/public/wp-includes/script-loader.php(1447): do_action('wp_enqueue_scri...')
#4 /app/public/wp-includes/class-wp-hook.php(286): wp_enqueue_scripts('')
#5 /app/public/wp-includes/class-wp-hook.php(310): WP_Hook->apply_filters(NULL, Array)
#6 /app/public/wp-includes/plugin.php(453): WP_Hook->do_action(Array)
#7 /app/public/wp-includes/general-template.php(2614): do_action('wp_head')
#8 /app/public/wp-content/themes/newtheme/header.php(4): wp_head()
#9 /app/public/wp-includes/template.php(688): require_once('/app/public/wp-...')
#10 /app/public/wp-includes/template.php(647): load_template('/app/public/wp-...', true)
#11 /app/public/wp-includes/general-te in /app/public/wp-content/themes/newtheme/functions.php on line 4
[03-Mar-2019 10:57:44 UTC] PHP Parse error:  syntax error, unexpected 'wp_enqueue_style' (T_STRING) in /app/public/wp-content/themes/newtheme/functions.php on line 5
[03-Mar-2019 11:08:38 UTC] PHP Parse error:  syntax error, unexpected 'wp_enqueue_style' (T_STRING) in /app/public/wp-content/themes/newtheme/functions.php on line 5
[03-Mar-2019 16:36:15 UTC] PHP Warning:  call_user_func_array() expects parameter 1 to be a valid callback, function 'university_features' not found or invalid function name in /app/public/wp-includes/class-wp-hook.php on line 286
[03-Mar-2019 16:36:53 UTC] PHP Warning:  call_user_func_array() expects parameter 1 to be a valid callback, function 'university_features' not found or invalid function name in /app/public/wp-includes/class-wp-hook.php on line 286
[03-Mar-2019 16:36:53 UTC] PHP Warning:  call_user_func_array() expects parameter 1 to be a valid callback, function 'university_features' not found or invalid function name in /app/public/wp-includes/class-wp-hook.php on line 286
[03-Mar-2019 16:48:20 UTC] PHP Fatal error:  Uncaught Error: Call to undefined function get_url() in /app/public/wp-content/themes/newtheme/footer.php:8
Stack trace:
#0 /app/public/wp-includes/template.php(688): require_once()
#1 /app/public/wp-includes/template.php(647): load_template('/app/public/wp-...', true)
#2 /app/public/wp-includes/general-template.php(76): locate_template(Array, true)
#3 /app/public/wp-content/themes/newtheme/index.php(103): get_footer()
#4 /app/public/wp-includes/template-loader.php(74): include('/app/public/wp-...')
#5 /app/public/wp-blog-header.php(19): require_once('/app/public/wp-...')
#6 /app/public/index.php(17): require('/app/public/wp-...')
#7 {main}
  thrown in /app/public/wp-content/themes/newtheme/footer.php on line 8
[03-Mar-2019 17:06:51 UTC] PHP Parse error:  syntax error, unexpected '}', expecting ',' or ';' in /app/public/wp-content/themes/newtheme/page.php on line 25
[03-Mar-2019 17:10:32 UTC] PHP Fatal error:  Uncaught ArgumentCountError: Too few arguments to function wp_get_post_parent_id(), 0 passed in /app/public/wp-content/themes/newtheme/page.php on line 23 and exactly 1 expected in /app/public/wp-includes/post.php:6205
Stack trace:
#0 /app/public/wp-content/themes/newtheme/page.php(23): wp_get_post_parent_id()
#1 /app/public/wp-includes/template-loader.php(74): include('/app/public/wp-...')
#2 /app/public/wp-blog-header.php(19): require_once('/app/public/wp-...')
#3 /app/public/index.php(17): require('/app/public/wp-...')
#4 {main}
  thrown in /app/public/wp-includes/post.php on line 6205
[03-Mar-2019 17:10:38 UTC] PHP Fatal error:  Uncaught ArgumentCountError: Too few arguments to function wp_get_post_parent_id(), 0 passed in /app/public/wp-content/themes/newtheme/page.php on line 23 and exactly 1 expected in /app/public/wp-includes/post.php:6205
Stack trace:
#0 /app/public/wp-content/themes/newtheme/page.php(23): wp_get_post_parent_id()
#1 /app/public/wp-includes/template-loader.php(74): include('/app/public/wp-...')
#2 /app/public/wp-blog-header.php(19): require_once('/app/public/wp-...')
#3 /app/public/index.php(17): require('/app/public/wp-...')
#4 {main}
  thrown in /app/public/wp-includes/post.php on line 6205
[03-Mar-2019 21:18:04 UTC] PHP Parse error:  syntax error, unexpected end of file in /app/public/wp-content/themes/newtheme/page.php on line 62
[03-Mar-2019 21:21:46 UTC] PHP Parse error:  syntax error, unexpected ';', expecting ')' in /app/public/wp-content/themes/newtheme/page.php on line 37
[04-Mar-2019 18:30:28 UTC] PHP Fatal error:  Uncaught Error: Call to undefined function language_atributes() in /app/public/wp-content/themes/newtheme/header.php:2
Stack trace:
#0 /app/public/wp-includes/template.php(688): require_once()
#1 /app/public/wp-includes/template.php(647): load_template('/app/public/wp-...', true)
#2 /app/public/wp-includes/general-template.php(41): locate_template(Array, true)
#3 /app/public/wp-content/themes/newtheme/index.php(1): get_header()
#4 /app/public/wp-includes/template-loader.php(74): include('/app/public/wp-...')
#5 /app/public/wp-blog-header.php(19): require_once('/app/public/wp-...')
#6 /app/public/index.php(17): require('/app/public/wp-...')
#7 {main}
  thrown in /app/public/wp-content/themes/newtheme/header.php on line 2
[04-Mar-2019 18:30:34 UTC] PHP Fatal error:  Uncaught Error: Call to undefined function language_atributes() in /app/public/wp-content/themes/newtheme/header.php:2
Stack trace:
#0 /app/public/wp-includes/template.php(688): require_once()
#1 /app/public/wp-includes/template.php(647): load_template('/app/public/wp-...', true)
#2 /app/public/wp-includes/general-template.php(41): locate_template(Array, true)
#3 /app/public/wp-content/themes/newtheme/index.php(1): get_header()
#4 /app/public/wp-includes/template-loader.php(74): include('/app/public/wp-...')
#5 /app/public/wp-blog-header.php(19): require_once('/app/public/wp-...')
#6 /app/public/index.php(17): require('/app/public/wp-...')
#7 {main}
  thrown in /app/public/wp-content/themes/newtheme/header.php on line 2
[04-Mar-2019 19:50:02 UTC] PHP Parse error:  syntax error, unexpected '}' in /app/public/wp-content/themes/newtheme/index.php on line 21
[04-Mar-2019 19:57:34 UTC] PHP Fatal error:  Uncaught Error: Call to undefined function the_authpr_post_link() in /app/public/wp-content/themes/newtheme/index.php:21
Stack trace:
#0 /app/public/wp-includes/template-loader.php(74): include()
#1 /app/public/wp-blog-header.php(19): require_once('/app/public/wp-...')
#2 /app/public/index.php(17): require('/app/public/wp-...')
#3 {main}
  thrown in /app/public/wp-content/themes/newtheme/index.php on line 21
[04-Mar-2019 19:57:43 UTC] PHP Fatal error:  Uncaught Error: Call to undefined function the_authpr_posts_link() in /app/public/wp-content/themes/newtheme/index.php:21
Stack trace:
#0 /app/public/wp-includes/template-loader.php(74): include()
#1 /app/public/wp-blog-header.php(19): require_once('/app/public/wp-...')
#2 /app/public/index.php(17): require('/app/public/wp-...')
#3 {main}
  thrown in /app/public/wp-content/themes/newtheme/index.php on line 21
[06-Mar-2019 18:28:41 UTC] PHP Parse error:  syntax error, unexpected '}', expecting ',' or ';' in /app/public/wp-content/themes/newtheme/archive.php on line 8
[06-Mar-2019 18:28:59 UTC] PHP Fatal error:  Uncaught Error: Call to undefined function is_uthor() in /app/public/wp-content/themes/newtheme/archive.php:9
Stack trace:
#0 /app/public/wp-includes/template-loader.php(74): include()
#1 /app/public/wp-blog-header.php(19): require_once('/app/public/wp-...')
#2 /app/public/index.php(17): require('/app/public/wp-...')
#3 {main}
  thrown in /app/public/wp-content/themes/newtheme/archive.php on line 9
[06-Mar-2019 19:11:04 UTC] PHP Parse error:  syntax error, unexpected 'the_author' (T_STRING), expecting ',' or ';' in /app/public/wp-content/themes/newtheme/archive.php on line 10
[06-Mar-2019 19:11:19 UTC] PHP Parse error:  syntax error, unexpected 'the_author' (T_STRING), expecting ',' or ';' in /app/public/wp-content/themes/newtheme/archive.php on line 10
[06-Mar-2019 19:59:23 UTC] PHP Fatal error:  Uncaught Error: Call to a member function have_posts() on null in /app/public/wp-content/themes/newtheme/front-page.php:53
Stack trace:
#0 /app/public/wp-includes/template-loader.php(74): include()
#1 /app/public/wp-blog-header.php(19): require_once('/app/public/wp-...')
#2 /app/public/index.php(17): require('/app/public/wp-...')
#3 {main}
  thrown in /app/public/wp-content/themes/newtheme/front-page.php on line 53
[06-Mar-2019 19:59:44 UTC] PHP Fatal error:  Uncaught Error: Call to a member function have_posts() on null in /app/public/wp-content/themes/newtheme/front-page.php:53
Stack trace:
#0 /app/public/wp-includes/template-loader.php(74): include()
#1 /app/public/wp-blog-header.php(19): require_once('/app/public/wp-...')
#2 /app/public/index.php(17): require('/app/public/wp-...')
#3 {main}
  thrown in /app/public/wp-content/themes/newtheme/front-page.php on line 53
[07-Mar-2019 17:31:49 UTC] PHP Warning:  call_user_func_array() expects parameter 1 to be a valid callback, function 'university_post_types' not found or invalid function name in /app/public/wp-includes/class-wp-hook.php on line 286
[07-Mar-2019 18:08:37 UTC] PHP Parse error:  syntax error, unexpected '?' in /app/public/wp-content/themes/newtheme/front-page.php on line 33
[07-Mar-2019 20:02:19 UTC] PHP Parse error:  syntax error, unexpected '’' (T_STRING), expecting ',' or ')' in /app/public/wp-content/themes/newtheme/functions.php on line 53
[07-Mar-2019 20:02:20 UTC] PHP Parse error:  syntax error, unexpected '’' (T_STRING), expecting ',' or ')' in /app/public/wp-content/themes/newtheme/functions.php on line 53
[07-Mar-2019 20:02:27 UTC] PHP Parse error:  syntax error, unexpected '’' (T_STRING), expecting ',' or ')' in /app/public/wp-content/themes/newtheme/functions.php on line 53
[07-Mar-2019 20:03:38 UTC] PHP Parse error:  syntax error, unexpected ';' in /app/public/wp-content/themes/newtheme/functions.php on line 24
[07-Mar-2019 20:04:03 UTC] PHP Parse error:  syntax error, unexpected 'in_array' (T_STRING) in /app/public/wp-content/themes/newtheme/functions.php on line 24
[07-Mar-2019 20:47:10 UTC] PHP Parse error:  syntax error, unexpected ';' in /app/public/wp-content/themes/newtheme/functions.php on line 16
[07-Mar-2019 20:51:54 UTC] PHP Fatal error:  Uncaught ArgumentCountError: Too few arguments to function custom_nav_class(), 1 passed in /app/public/wp-includes/class-wp-hook.php on line 288 and exactly 2 expected in /app/public/wp-content/themes/newtheme/functions.php:14
Stack trace:
#0 /app/public/wp-includes/class-wp-hook.php(288): custom_nav_class(Array)
#1 /app/public/wp-includes/plugin.php(203): WP_Hook->apply_filters(Array, Array)
#2 /app/public/wp-includes/class-walker-nav-menu.php(150): apply_filters('nav_menu_css_cl...', Array, Object(WP_Post), Object(stdClass), 0)
#3 /app/public/wp-includes/class-wp-walker.php(145): Walker_Nav_Menu->start_el('', Object(WP_Post), 0, Object(stdClass))
#4 /app/public/wp-includes/class-wp-walker.php(243): Walker->display_element(Object(WP_Post), Array, 0, 0, Array, '')
#5 /app/public/wp-includes/nav-menu-template.php(531): Walker->walk(Array, 0, Object(stdClass))
#6 /app/public/wp-includes/nav-menu-template.php(191): walk_nav_menu_tree(Array, 0, Object(stdClass))
#7 /app/public/wp-content/themes/newtheme/header.ph in /app/public/wp-content/themes/newtheme/functions.php on line 14
[07-Mar-2019 20:52:05 UTC] PHP Fatal error:  Uncaught ArgumentCountError: Too few arguments to function custom_nav_class(), 1 passed in /app/public/wp-includes/class-wp-hook.php on line 288 and exactly 2 expected in /app/public/wp-content/themes/newtheme/functions.php:14
Stack trace:
#0 /app/public/wp-includes/class-wp-hook.php(288): custom_nav_class(Array)
#1 /app/public/wp-includes/plugin.php(203): WP_Hook->apply_filters(Array, Array)
#2 /app/public/wp-includes/class-walker-nav-menu.php(150): apply_filters('nav_menu_css_cl...', Array, Object(WP_Post), Object(stdClass), 0)
#3 /app/public/wp-includes/class-wp-walker.php(145): Walker_Nav_Menu->start_el('', Object(WP_Post), 0, Object(stdClass))
#4 /app/public/wp-includes/class-wp-walker.php(243): Walker->display_element(Object(WP_Post), Array, 0, 0, Array, '')
#5 /app/public/wp-includes/nav-menu-template.php(531): Walker->walk(Array, 0, Object(stdClass))
#6 /app/public/wp-includes/nav-menu-template.php(191): walk_nav_menu_tree(Array, 0, Object(stdClass))
#7 /app/public/wp-content/themes/newtheme/header.ph in /app/public/wp-content/themes/newtheme/functions.php on line 14
[07-Mar-2019 20:55:46 UTC] PHP Fatal error:  Uncaught ArgumentCountError: Too few arguments to function add_current_menu_item_class(), 1 passed in /app/public/wp-includes/class-wp-hook.php on line 288 and exactly 2 expected in /app/public/wp-content/themes/newtheme/functions.php:14
Stack trace:
#0 /app/public/wp-includes/class-wp-hook.php(288): add_current_menu_item_class(Array)
#1 /app/public/wp-includes/plugin.php(203): WP_Hook->apply_filters(Array, Array)
#2 /app/public/wp-includes/class-walker-nav-menu.php(150): apply_filters('nav_menu_css_cl...', Array, Object(WP_Post), Object(stdClass), 0)
#3 /app/public/wp-includes/class-wp-walker.php(145): Walker_Nav_Menu->start_el('', Object(WP_Post), 0, Object(stdClass))
#4 /app/public/wp-includes/class-wp-walker.php(243): Walker->display_element(Object(WP_Post), Array, 0, 0, Array, '')
#5 /app/public/wp-includes/nav-menu-template.php(531): Walker->walk(Array, 0, Object(stdClass))
#6 /app/public/wp-includes/nav-menu-template.php(191): walk_nav_menu_tree(Array, 0, Object(stdClass))
#7 /app/public/wp-content/the in /app/public/wp-content/themes/newtheme/functions.php on line 14
[07-Mar-2019 20:55:56 UTC] PHP Fatal error:  Uncaught ArgumentCountError: Too few arguments to function add_current_menu_item_class(), 1 passed in /app/public/wp-includes/class-wp-hook.php on line 288 and exactly 2 expected in /app/public/wp-content/themes/newtheme/functions.php:14
Stack trace:
#0 /app/public/wp-includes/class-wp-hook.php(288): add_current_menu_item_class(Array)
#1 /app/public/wp-includes/plugin.php(203): WP_Hook->apply_filters(Array, Array)
#2 /app/public/wp-includes/class-walker-nav-menu.php(150): apply_filters('nav_menu_css_cl...', Array, Object(WP_Post), Object(stdClass), 0)
#3 /app/public/wp-includes/class-wp-walker.php(145): Walker_Nav_Menu->start_el('', Object(WP_Post), 0, Object(stdClass))
#4 /app/public/wp-includes/class-wp-walker.php(243): Walker->display_element(Object(WP_Post), Array, 0, 0, Array, '')
#5 /app/public/wp-includes/nav-menu-template.php(531): Walker->walk(Array, 0, Object(stdClass))
#6 /app/public/wp-includes/nav-menu-template.php(191): walk_nav_menu_tree(Array, 0, Object(stdClass))
#7 /app/public/wp-content/the in /app/public/wp-content/themes/newtheme/functions.php on line 14
[07-Mar-2019 21:00:32 UTC] PHP Parse error:  syntax error, unexpected '!' in /app/public/wp-content/themes/newtheme/functions.php on line 18
[07-Mar-2019 21:00:46 UTC] PHP Parse error:  syntax error, unexpected '!' in /app/public/wp-content/themes/newtheme/functions.php on line 18
[07-Mar-2019 21:06:10 UTC] PHP Fatal error:  Uncaught ArgumentCountError: Too few arguments to function custom_nav_class(), 0 passed in /app/public/wp-includes/class-wp-hook.php on line 284 and exactly 2 expected in /app/public/wp-content/themes/newtheme/functions.php:14
Stack trace:
#0 /app/public/wp-includes/class-wp-hook.php(284): custom_nav_class()
#1 /app/public/wp-includes/plugin.php(203): WP_Hook->apply_filters(Array, Array)
#2 /app/public/wp-includes/class-walker-nav-menu.php(150): apply_filters('nav_menu_css_cl...', Array, Object(WP_Post), Object(stdClass), 0)
#3 /app/public/wp-includes/class-wp-walker.php(145): Walker_Nav_Menu->start_el('', Object(WP_Post), 0, Object(stdClass))
#4 /app/public/wp-includes/class-wp-walker.php(243): Walker->display_element(Object(WP_Post), Array, 0, 0, Array, '')
#5 /app/public/wp-includes/nav-menu-template.php(531): Walker->walk(Array, 0, Object(stdClass))
#6 /app/public/wp-includes/nav-menu-template.php(191): walk_nav_menu_tree(Array, 0, Object(stdClass))
#7 /app/public/wp-content/themes/newtheme/header.php(25) in /app/public/wp-content/themes/newtheme/functions.php on line 14
[07-Mar-2019 21:06:24 UTC] PHP Fatal error:  Uncaught ArgumentCountError: Too few arguments to function custom_nav_class(), 1 passed in /app/public/wp-includes/class-wp-hook.php on line 288 and exactly 2 expected in /app/public/wp-content/themes/newtheme/functions.php:14
Stack trace:
#0 /app/public/wp-includes/class-wp-hook.php(288): custom_nav_class(Array)
#1 /app/public/wp-includes/plugin.php(203): WP_Hook->apply_filters(Array, Array)
#2 /app/public/wp-includes/class-walker-nav-menu.php(150): apply_filters('nav_menu_css_cl...', Array, Object(WP_Post), Object(stdClass), 0)
#3 /app/public/wp-includes/class-wp-walker.php(145): Walker_Nav_Menu->start_el('', Object(WP_Post), 0, Object(stdClass))
#4 /app/public/wp-includes/class-wp-walker.php(243): Walker->display_element(Object(WP_Post), Array, 0, 0, Array, '')
#5 /app/public/wp-includes/nav-menu-template.php(531): Walker->walk(Array, 0, Object(stdClass))
#6 /app/public/wp-includes/nav-menu-template.php(191): walk_nav_menu_tree(Array, 0, Object(stdClass))
#7 /app/public/wp-content/themes/newtheme/header.ph in /app/public/wp-content/themes/newtheme/functions.php on line 14
[07-Mar-2019 21:06:31 UTC] PHP Fatal error:  Uncaught ArgumentCountError: Too few arguments to function custom_nav_class(), 1 passed in /app/public/wp-includes/class-wp-hook.php on line 288 and exactly 2 expected in /app/public/wp-content/themes/newtheme/functions.php:14
Stack trace:
#0 /app/public/wp-includes/class-wp-hook.php(288): custom_nav_class(Array)
#1 /app/public/wp-includes/plugin.php(203): WP_Hook->apply_filters(Array, Array)
#2 /app/public/wp-includes/class-walker-nav-menu.php(150): apply_filters('nav_menu_css_cl...', Array, Object(WP_Post), Object(stdClass), 0)
#3 /app/public/wp-includes/class-wp-walker.php(145): Walker_Nav_Menu->start_el('', Object(WP_Post), 0, Object(stdClass))
#4 /app/public/wp-includes/class-wp-walker.php(243): Walker->display_element(Object(WP_Post), Array, 0, 0, Array, '')
#5 /app/public/wp-includes/nav-menu-template.php(531): Walker->walk(Array, 0, Object(stdClass))
#6 /app/public/wp-includes/nav-menu-template.php(191): walk_nav_menu_tree(Array, 0, Object(stdClass))
#7 /app/public/wp-content/themes/newtheme/header.ph in /app/public/wp-content/themes/newtheme/functions.php on line 14
[07-Mar-2019 21:06:44 UTC] PHP Fatal error:  Uncaught ArgumentCountError: Too few arguments to function custom_nav_class(), 1 passed in /app/public/wp-includes/class-wp-hook.php on line 288 and exactly 2 expected in /app/public/wp-content/themes/newtheme/functions.php:14
Stack trace:
#0 /app/public/wp-includes/class-wp-hook.php(288): custom_nav_class(Array)
#1 /app/public/wp-includes/plugin.php(203): WP_Hook->apply_filters(Array, Array)
#2 /app/public/wp-includes/class-walker-nav-menu.php(150): apply_filters('nav_menu_css_cl...', Array, Object(WP_Post), Object(stdClass), 0)
#3 /app/public/wp-includes/class-wp-walker.php(145): Walker_Nav_Menu->start_el('', Object(WP_Post), 0, Object(stdClass))
#4 /app/public/wp-includes/class-wp-walker.php(243): Walker->display_element(Object(WP_Post), Array, 0, 0, Array, '')
#5 /app/public/wp-includes/nav-menu-template.php(531): Walker->walk(Array, 0, Object(stdClass))
#6 /app/public/wp-includes/nav-menu-template.php(191): walk_nav_menu_tree(Array, 0, Object(stdClass))
#7 /app/public/wp-content/themes/newtheme/header.ph in /app/public/wp-content/themes/newtheme/functions.php on line 14
[07-Mar-2019 21:12:40 UTC] PHP Parse error:  syntax error, unexpected ';' in /app/public/wp-content/themes/newtheme/functions.php on line 15
[07-Mar-2019 21:13:44 UTC] PHP Parse error:  syntax error, unexpected ';' in /app/public/wp-content/themes/newtheme/functions.php on line 15
[07-Mar-2019 21:13:45 UTC] PHP Parse error:  syntax error, unexpected ';' in /app/public/wp-content/themes/newtheme/functions.php on line 15
[07-Mar-2019 21:13:47 UTC] PHP Parse error:  syntax error, unexpected ';' in /app/public/wp-content/themes/newtheme/functions.php on line 15
[07-Mar-2019 21:15:35 UTC] PHP Parse error:  syntax error, unexpected '!' in /app/public/wp-content/themes/newtheme/functions.php on line 15
[07-Mar-2019 21:17:39 UTC] PHP Parse error:  syntax error, unexpected '!' in /app/public/wp-content/themes/newtheme/functions.php on line 15
[07-Mar-2019 21:17:44 UTC] PHP Parse error:  syntax error, unexpected '!' in /app/public/wp-content/themes/newtheme/functions.php on line 15
[07-Mar-2019 21:29:22 UTC] PHP Parse error:  syntax error, unexpected ')' in /app/public/wp-content/themes/newtheme/functions.php on line 15
[07-Mar-2019 21:29:47 UTC] PHP Fatal error:  Uncaught Error: Call to undefined method WP_Post::get_the_title() in /app/public/wp-content/themes/newtheme/functions.php:16
Stack trace:
#0 /app/public/wp-includes/class-wp-hook.php(288): custom_nav_class(Array, Object(WP_Post))
#1 /app/public/wp-includes/plugin.php(203): WP_Hook->apply_filters(Array, Array)
#2 /app/public/wp-includes/class-walker-nav-menu.php(150): apply_filters('nav_menu_css_cl...', Array, Object(WP_Post), Object(stdClass), 0)
#3 /app/public/wp-includes/class-wp-walker.php(145): Walker_Nav_Menu->start_el('<li id="menu-it...', Object(WP_Post), 0, Object(stdClass))
#4 /app/public/wp-includes/class-wp-walker.php(243): Walker->display_element(Object(WP_Post), Array, 0, 0, Array, '<li id="menu-it...')
#5 /app/public/wp-includes/nav-menu-template.php(531): Walker->walk(Array, 0, Object(stdClass))
#6 /app/public/wp-includes/nav-menu-template.php(191): walk_nav_menu_tree(Array, 0, Object(stdClass))
#7 /app/public/wp-content/themes/newtheme/header.php(25): wp_nav_menu(Object(stdClass))
#8 /app/publ in /app/public/wp-content/themes/newtheme/functions.php on line 16
[07-Mar-2019 21:43:56 UTC] PHP Parse error:  syntax error, unexpected '==' (T_IS_EQUAL), expecting identifier (T_STRING) or variable (T_VARIABLE) or '{' or '$' in /app/public/wp-content/themes/newtheme/functions.php on line 15
[09-Mar-2019 23:24:48 UTC] PHP Fatal error:  Uncaught ArgumentCountError: Too few arguments to function the_field(), 0 passed in /app/public/wp-content/themes/newtheme/front-page.php on line 28 and at least 1 expected in /app/public/wp-content/plugins/advanced-custom-fields/includes/api/api-template.php:79
Stack trace:
#0 /app/public/wp-content/themes/newtheme/front-page.php(28): the_field()
#1 /app/public/wp-includes/template-loader.php(74): include('/app/public/wp-...')
#2 /app/public/wp-blog-header.php(19): require_once('/app/public/wp-...')
#3 /app/public/index.php(17): require('/app/public/wp-...')
#4 {main}
  thrown in /app/public/wp-content/plugins/advanced-custom-fields/includes/api/api-template.php on line 79
[09-Mar-2019 23:29:15 UTC] PHP Warning:  DateTime::format() expects exactly 1 parameter, 0 given in /app/public/wp-content/themes/newtheme/front-page.php on line 31
[09-Mar-2019 23:29:15 UTC] PHP Warning:  DateTime::format() expects exactly 1 parameter, 0 given in /app/public/wp-content/themes/newtheme/front-page.php on line 31
[09-Mar-2019 23:33:38 UTC] PHP Parse error:  syntax error, unexpected ';', expecting ',' or ')' in /app/public/wp-content/themes/newtheme/front-page.php on line 30
[09-Mar-2019 23:34:28 UTC] PHP Fatal error:  Uncaught Error: Call to undefined function get_the_field() in /app/public/wp-content/themes/newtheme/front-page.php:30
Stack trace:
#0 /app/public/wp-includes/template-loader.php(74): include()
#1 /app/public/wp-blog-header.php(19): require_once('/app/public/wp-...')
#2 /app/public/index.php(17): require('/app/public/wp-...')
#3 {main}
  thrown in /app/public/wp-content/themes/newtheme/front-page.php on line 30
[09-Mar-2019 23:39:25 UTC] PHP Fatal error:  Uncaught Exception: DateTime::__construct(): Failed to parse time string (22/05/2019) at position 0 (2): Unexpected character in /app/public/wp-content/themes/newtheme/front-page.php:30
Stack trace:
#0 /app/public/wp-content/themes/newtheme/front-page.php(30): DateTime->__construct('22/05/2019')
#1 /app/public/wp-includes/template-loader.php(74): include('/app/public/wp-...')
#2 /app/public/wp-blog-header.php(19): require_once('/app/public/wp-...')
#3 /app/public/index.php(17): require('/app/public/wp-...')
#4 {main}
  thrown in /app/public/wp-content/themes/newtheme/front-page.php on line 30
[09-Mar-2019 23:39:29 UTC] PHP Fatal error:  Uncaught Exception: DateTime::__construct(): Failed to parse time string (22/05/2019) at position 0 (2): Unexpected character in /app/public/wp-content/themes/newtheme/front-page.php:30
Stack trace:
#0 /app/public/wp-content/themes/newtheme/front-page.php(30): DateTime->__construct('22/05/2019')
#1 /app/public/wp-includes/template-loader.php(74): include('/app/public/wp-...')
#2 /app/public/wp-blog-header.php(19): require_once('/app/public/wp-...')
#3 /app/public/index.php(17): require('/app/public/wp-...')
#4 {main}
  thrown in /app/public/wp-content/themes/newtheme/front-page.php on line 30
[09-Mar-2019 23:39:41 UTC] PHP Fatal error:  Uncaught Exception: DateTime::__construct(): Failed to parse time string (22/05/2019) at position 0 (2): Unexpected character in /app/public/wp-content/themes/newtheme/front-page.php:30
Stack trace:
#0 /app/public/wp-content/themes/newtheme/front-page.php(30): DateTime->__construct('22/05/2019')
#1 /app/public/wp-includes/template-loader.php(74): include('/app/public/wp-...')
#2 /app/public/wp-blog-header.php(19): require_once('/app/public/wp-...')
#3 /app/public/index.php(17): require('/app/public/wp-...')
#4 {main}
  thrown in /app/public/wp-content/themes/newtheme/front-page.php on line 30
[09-Mar-2019 23:41:12 UTC] PHP Fatal error:  Uncaught Exception: DateTime::__construct(): Failed to parse time string (22/05/2019) at position 0 (2): Unexpected character in /app/public/wp-content/themes/newtheme/front-page.php:30
Stack trace:
#0 /app/public/wp-content/themes/newtheme/front-page.php(30): DateTime->__construct('22/05/2019')
#1 /app/public/wp-includes/template-loader.php(74): include('/app/public/wp-...')
#2 /app/public/wp-blog-header.php(19): require_once('/app/public/wp-...')
#3 /app/public/index.php(17): require('/app/public/wp-...')
#4 {main}
  thrown in /app/public/wp-content/themes/newtheme/front-page.php on line 30
[09-Mar-2019 23:43:00 UTC] PHP Fatal error:  Uncaught Exception: DateTime::__construct(): Failed to parse time string (22/05/2019) at position 0 (2): Unexpected character in /app/public/wp-content/themes/newtheme/front-page.php:30
Stack trace:
#0 /app/public/wp-content/themes/newtheme/front-page.php(30): DateTime->__construct('22/05/2019')
#1 /app/public/wp-includes/template-loader.php(74): include('/app/public/wp-...')
#2 /app/public/wp-blog-header.php(19): require_once('/app/public/wp-...')
#3 /app/public/index.php(17): require('/app/public/wp-...')
#4 {main}
  thrown in /app/public/wp-content/themes/newtheme/front-page.php on line 30
[09-Mar-2019 23:46:39 UTC] PHP Fatal error:  Uncaught Exception: DateTime::__construct(): Failed to parse time string (22/05/2019) at position 0 (2): Unexpected character in /app/public/wp-content/themes/newtheme/front-page.php:30
Stack trace:
#0 /app/public/wp-content/themes/newtheme/front-page.php(30): DateTime->__construct('22/05/2019')
#1 /app/public/wp-includes/template-loader.php(74): include('/app/public/wp-...')
#2 /app/public/wp-blog-header.php(19): require_once('/app/public/wp-...')
#3 /app/public/index.php(17): require('/app/public/wp-...')
#4 {main}
  thrown in /app/public/wp-content/themes/newtheme/front-page.php on line 30
[09-Mar-2019 23:46:46 UTC] PHP Fatal error:  Uncaught Exception: DateTime::__construct(): Failed to parse time string (22/05/2019) at position 0 (2): Unexpected character in /app/public/wp-content/themes/newtheme/front-page.php:30
Stack trace:
#0 /app/public/wp-content/themes/newtheme/front-page.php(30): DateTime->__construct('22/05/2019')
#1 /app/public/wp-includes/template-loader.php(74): include('/app/public/wp-...')
#2 /app/public/wp-blog-header.php(19): require_once('/app/public/wp-...')
#3 /app/public/index.php(17): require('/app/public/wp-...')
#4 {main}
  thrown in /app/public/wp-content/themes/newtheme/front-page.php on line 30
[09-Mar-2019 23:47:13 UTC] PHP Fatal error:  Uncaught Exception: DateTime::__construct(): Failed to parse time string (22/05/2019) at position 0 (2): Unexpected character in /app/public/wp-content/themes/newtheme/front-page.php:30
Stack trace:
#0 /app/public/wp-content/themes/newtheme/front-page.php(30): DateTime->__construct('22/05/2019')
#1 /app/public/wp-includes/template-loader.php(74): include('/app/public/wp-...')
#2 /app/public/wp-blog-header.php(19): require_once('/app/public/wp-...')
#3 /app/public/index.php(17): require('/app/public/wp-...')
#4 {main}
  thrown in /app/public/wp-content/themes/newtheme/front-page.php on line 30
[10-Mar-2019 00:25:34 UTC] PHP Fatal error:  Cannot use empty array elements in arrays in /app/public/wp-content/themes/newtheme/front-page.php on line 19
[10-Mar-2019 11:11:31 UTC] PHP Fatal error:  Uncaught Error: Call to undefined function get_time() in /app/public/wp-content/themes/newtheme/front-page.php:81
Stack trace:
#0 /app/public/wp-includes/template-loader.php(74): include()
#1 /app/public/wp-blog-header.php(19): require_once('/app/public/wp-...')
#2 /app/public/index.php(17): require('/app/public/wp-...')
#3 {main}
  thrown in /app/public/wp-content/themes/newtheme/front-page.php on line 81
[10-Mar-2019 11:25:42 UTC] PHP Fatal error:  Uncaught Error: Class 'Date' not found in /app/public/wp-content/themes/newtheme/archive-event.php:22
Stack trace:
#0 /app/public/wp-includes/template-loader.php(74): include()
#1 /app/public/wp-blog-header.php(19): require_once('/app/public/wp-...')
#2 /app/public/index.php(17): require('/app/public/wp-...')
#3 {main}
  thrown in /app/public/wp-content/themes/newtheme/archive-event.php on line 22
[10-Mar-2019 11:31:06 UTC] PHP Fatal error:  Uncaught Exception: DateTime::__construct(): Failed to parse time string (22/05/2019) at position 0 (2): Unexpected character in /app/public/wp-content/themes/newtheme/archive-event.php:22
Stack trace:
#0 /app/public/wp-content/themes/newtheme/archive-event.php(22): DateTime->__construct('22/05/2019')
#1 /app/public/wp-includes/template-loader.php(74): include('/app/public/wp-...')
#2 /app/public/wp-blog-header.php(19): require_once('/app/public/wp-...')
#3 /app/public/index.php(17): require('/app/public/wp-...')
#4 {main}
  thrown in /app/public/wp-content/themes/newtheme/archive-event.php on line 22
[10-Mar-2019 11:50:04 UTC] PHP Parse error:  syntax error, unexpected '=>' (T_DOUBLE_ARROW), expecting ',' or ')' in /app/public/wp-content/themes/newtheme/functions.php on line 24
[10-Mar-2019 12:31:42 UTC] PHP Parse error:  syntax error, unexpected '$query' (T_VARIABLE) in /app/public/wp-content/themes/newtheme/functions.php on line 25
[10-Mar-2019 12:32:17 UTC] PHP Parse error:  syntax error, unexpected '$query' (T_VARIABLE) in /app/public/wp-content/themes/newtheme/functions.php on line 25
[10-Mar-2019 12:32:36 UTC] PHP Parse error:  syntax error, unexpected '}' in /app/public/wp-content/themes/newtheme/functions.php on line 36
[10-Mar-2019 12:32:53 UTC] PHP Fatal error:  Uncaught Error: Function name must be a string in /app/public/wp-content/themes/newtheme/functions.php:28
Stack trace:
#0 /app/public/wp-includes/class-wp-hook.php(286): univeristy_adjust_queries(Object(WP_Query))
#1 /app/public/wp-includes/class-wp-hook.php(310): WP_Hook->apply_filters('', Array)
#2 /app/public/wp-includes/plugin.php(515): WP_Hook->do_action(Array)
#3 /app/public/wp-includes/class-wp-query.php(1634): do_action_ref_array('pre_get_posts', Array)
#4 /app/public/wp-includes/class-wp-query.php(3230): WP_Query->get_posts()
#5 /app/public/wp-includes/class-wp.php(601): WP_Query->query(Array)
#6 /app/public/wp-includes/class-wp.php(717): WP->query_posts()
#7 /app/public/wp-includes/functions.php(960): WP->main('')
#8 /app/public/wp-blog-header.php(16): wp()
#9 /app/public/index.php(17): require('/app/public/wp-...')
#10 {main}
  thrown in /app/public/wp-content/themes/newtheme/functions.php on line 28
[10-Mar-2019 12:34:04 UTC] PHP Parse error:  syntax error, unexpected '(', expecting identifier (T_STRING) or variable (T_VARIABLE) or '{' or '$' in /app/public/wp-content/themes/newtheme/functions.php on line 28
[10-Mar-2019 20:05:42 UTC] PHP Parse error:  syntax error, unexpected ';', expecting ',' or ')' in /app/public/wp-content/themes/newtheme/page.php on line 24
[10-Mar-2019 20:08:01 UTC] PHP Parse error:  syntax error, unexpected 'echo' (T_ECHO) in /app/public/wp-content/themes/newtheme/page.php on line 24
[10-Mar-2019 20:08:42 UTC] PHP Parse error:  syntax error, unexpected 'if' (T_IF), expecting ',' or ';' in /app/public/wp-content/themes/newtheme/page.php on line 25
[10-Mar-2019 21:31:02 UTC] PHP Parse error:  syntax error, unexpected end of file in /app/public/wp-content/themes/newtheme/page.php on line 71
[10-Mar-2019 21:33:37 UTC] PHP Parse error:  syntax error, unexpected '{', expecting '(' in /app/public/wp-content/themes/newtheme/page.php on line 51
[10-Mar-2019 21:33:57 UTC] PHP Parse error:  syntax error, unexpected '}', expecting end of file in /app/public/wp-content/themes/newtheme/page.php on line 68
[10-Mar-2019 21:34:02 UTC] PHP Parse error:  syntax error, unexpected '}', expecting end of file in /app/public/wp-content/themes/newtheme/page.php on line 68
[10-Mar-2019 21:36:05 UTC] PHP Parse error:  syntax error, unexpected '}', expecting end of file in /app/public/wp-content/themes/newtheme/page.php on line 68
[10-Mar-2019 21:43:40 UTC] PHP Parse error:  syntax error, unexpected 'echo' (T_ECHO) in /app/public/wp-content/themes/newtheme/page.php on line 56
[10-Mar-2019 21:44:01 UTC] PHP Parse error:  syntax error, unexpected 'echo' (T_ECHO) in /app/public/wp-content/themes/newtheme/page.php on line 52
[30-Mar-2019 19:23:40 UTC] PHP Fatal error:  Uncaught Error: Call to a member function have_posts() on null in /app/public/wp-content/themes/newtheme/page-past-events.php:33
Stack trace:
#0 /app/public/wp-includes/template-loader.php(74): include()
#1 /app/public/wp-blog-header.php(19): require_once('/app/public/wp-...')
#2 /app/public/index.php(17): require('/app/public/wp-...')
#3 {main}
  thrown in /app/public/wp-content/themes/newtheme/page-past-events.php on line 33
[30-Mar-2019 19:25:02 UTC] PHP Fatal error:  Uncaught Error: Call to a member function have_posts() on null in /app/public/wp-content/themes/newtheme/page-past-events.php:33
Stack trace:
#0 /app/public/wp-includes/template-loader.php(74): include()
#1 /app/public/wp-blog-header.php(19): require_once('/app/public/wp-...')
#2 /app/public/index.php(17): require('/app/public/wp-...')
#3 {main}
  thrown in /app/public/wp-content/themes/newtheme/page-past-events.php on line 33
[30-Mar-2019 19:25:11 UTC] PHP Fatal error:  Uncaught Error: Call to a member function have_posts() on null in /app/public/wp-content/themes/newtheme/page-past-events.php:33
Stack trace:
#0 /app/public/wp-includes/template-loader.php(74): include()
#1 /app/public/wp-blog-header.php(19): require_once('/app/public/wp-...')
#2 /app/public/index.php(17): require('/app/public/wp-...')
#3 {main}
  thrown in /app/public/wp-content/themes/newtheme/page-past-events.php on line 33
[31-Mar-2019 17:51:36 UTC] PHP Fatal error:  Uncaught Error: Call to undefined function is_post() in /app/public/wp-content/themes/newtheme/functions.php:48
Stack trace:
#0 /app/public/wp-includes/class-wp-hook.php(288): active_parent_in_menu_for_page(Array, Object(WP_Post))
#1 /app/public/wp-includes/plugin.php(203): WP_Hook->apply_filters(Array, Array)
#2 /app/public/wp-includes/class-walker-nav-menu.php(150): apply_filters('nav_menu_css_cl...', Array, Object(WP_Post), Object(stdClass), 0)
#3 /app/public/wp-includes/class-wp-walker.php(145): Walker_Nav_Menu->start_el('', Object(WP_Post), 0, Object(stdClass))
#4 /app/public/wp-includes/class-wp-walker.php(243): Walker->display_element(Object(WP_Post), Array, 0, 0, Array, '')
#5 /app/public/wp-includes/nav-menu-template.php(531): Walker->walk(Array, 0, Object(stdClass))
#6 /app/public/wp-includes/nav-menu-template.php(191): walk_nav_menu_tree(Array, 0, Object(stdClass))
#7 /app/public/wp-content/themes/newtheme/header.php(26): wp_nav_menu(Object(stdClass))
#8 /app/public/wp-includes/template.php(688): r in /app/public/wp-content/themes/newtheme/functions.php on line 48
[31-Mar-2019 18:43:01 UTC] PHP Warning:  Invalid argument supplied for foreach() in /app/public/wp-content/themes/newtheme/single-event.php on line 31
[31-Mar-2019 18:51:08 UTC] PHP Parse error:  syntax error, unexpected 'echo' (T_ECHO), expecting ',' or ';' in /app/public/wp-content/themes/newtheme/single-event.php on line 33
[31-Mar-2019 18:51:20 UTC] PHP Parse error:  syntax error, unexpected 'echo' (T_ECHO), expecting ',' or ';' in /app/public/wp-content/themes/newtheme/single-event.php on line 33
[31-Mar-2019 18:54:14 UTC] PHP Warning:  Invalid argument supplied for foreach() in /app/public/wp-content/themes/newtheme/single-event.php on line 42
[31-Mar-2019 19:54:57 UTC] PHP Parse error:  syntax error, unexpected 'echo' (T_ECHO), expecting ',' or ';' in /app/public/wp-content/themes/newtheme/single-program.php on line 52
[31-Mar-2019 20:21:21 UTC] PHP Warning:  call_user_func_array() expects parameter 1 to be a valid callback, function 'add_current_menu_item_to_parent_page' not found or invalid function name in /app/public/wp-includes/class-wp-hook.php on line 288
[31-Mar-2019 20:21:21 UTC] PHP Warning:  join(): Invalid arguments passed in /app/public/wp-includes/class-walker-nav-menu.php on line 150
[31-Mar-2019 20:21:21 UTC] PHP Warning:  call_user_func_array() expects parameter 1 to be a valid callback, function 'add_current_menu_item_to_parent_page' not found or invalid function name in /app/public/wp-includes/class-wp-hook.php on line 288
[31-Mar-2019 20:21:21 UTC] PHP Warning:  join(): Invalid arguments passed in /app/public/wp-includes/class-walker-nav-menu.php on line 150
[31-Mar-2019 20:21:21 UTC] PHP Warning:  call_user_func_array() expects parameter 1 to be a valid callback, function 'add_current_menu_item_to_parent_page' not found or invalid function name in /app/public/wp-includes/class-wp-hook.php on line 288
[31-Mar-2019 20:21:21 UTC] PHP Warning:  join(): Invalid arguments passed in /app/public/wp-includes/class-walker-nav-menu.php on line 150
[31-Mar-2019 20:21:21 UTC] PHP Warning:  call_user_func_array() expects parameter 1 to be a valid callback, function 'add_current_menu_item_to_parent_page' not found or invalid function name in /app/public/wp-includes/class-wp-hook.php on line 288
[31-Mar-2019 20:21:21 UTC] PHP Warning:  join(): Invalid arguments passed in /app/public/wp-includes/class-walker-nav-menu.php on line 150
[31-Mar-2019 20:21:21 UTC] PHP Warning:  call_user_func_array() expects parameter 1 to be a valid callback, function 'add_current_menu_item_to_parent_page' not found or invalid function name in /app/public/wp-includes/class-wp-hook.php on line 288
[31-Mar-2019 20:21:21 UTC] PHP Warning:  join(): Invalid arguments passed in /app/public/wp-includes/class-walker-nav-menu.php on line 150
[31-Mar-2019 20:21:21 UTC] PHP Warning:  call_user_func_array() expects parameter 1 to be a valid callback, function 'add_current_menu_item_to_parent_page' not found or invalid function name in /app/public/wp-includes/class-wp-hook.php on line 288
[31-Mar-2019 20:21:21 UTC] PHP Warning:  join(): Invalid arguments passed in /app/public/wp-includes/class-walker-nav-menu.php on line 150
[31-Mar-2019 20:21:21 UTC] PHP Warning:  call_user_func_array() expects parameter 1 to be a valid callback, function 'add_current_menu_item_to_parent_page' not found or invalid function name in /app/public/wp-includes/class-wp-hook.php on line 288
[31-Mar-2019 20:21:21 UTC] PHP Warning:  join(): Invalid arguments passed in /app/public/wp-includes/class-walker-nav-menu.php on line 150
[31-Mar-2019 20:21:21 UTC] PHP Warning:  call_user_func_array() expects parameter 1 to be a valid callback, function 'add_current_menu_item_to_parent_page' not found or invalid function name in /app/public/wp-includes/class-wp-hook.php on line 288
[31-Mar-2019 20:21:21 UTC] PHP Warning:  join(): Invalid arguments passed in /app/public/wp-includes/class-walker-nav-menu.php on line 150
[31-Mar-2019 20:21:21 UTC] PHP Warning:  call_user_func_array() expects parameter 1 to be a valid callback, function 'add_current_menu_item_to_parent_page' not found or invalid function name in /app/public/wp-includes/class-wp-hook.php on line 288
[31-Mar-2019 20:21:21 UTC] PHP Warning:  join(): Invalid arguments passed in /app/public/wp-includes/class-walker-nav-menu.php on line 150
[31-Mar-2019 21:38:51 UTC] PHP Parse error:  syntax error, unexpected '}', expecting end of file in /app/public/wp-content/themes/newtheme/single-event.php on line 53
[31-Mar-2019 21:39:17 UTC] PHP Parse error:  syntax error, unexpected '}', expecting end of file in /app/public/wp-content/themes/newtheme/single-event.php on line 53
[31-Mar-2019 21:40:38 UTC] PHP Parse error:  syntax error, unexpected '}', expecting end of file in /app/public/wp-content/themes/newtheme/single-event.php on line 53
[01-Apr-2019 17:59:27 UTC] PHP Parse error:  syntax error, unexpected ':' in /app/public/wp-content/themes/newtheme/single-program.php on line 57
[01-Apr-2019 17:59:37 UTC] PHP Parse error:  syntax error, unexpected ':' in /app/public/wp-content/themes/newtheme/single-program.php on line 57
[02-Apr-2019 16:52:15 UTC] PHP Parse error:  syntax error, unexpected ':' in /app/public/wp-content/themes/newtheme/single-professor.php on line 5
[02-Apr-2019 17:23:25 UTC] PHP Fatal error:  Uncaught ArgumentCountError: Too few arguments to function pageBanner(), 0 passed in /app/public/wp-content/themes/newtheme/page.php on line 7 and exactly 1 expected in /app/public/wp-content/themes/newtheme/functions.php:3
Stack trace:
#0 /app/public/wp-content/themes/newtheme/page.php(7): pageBanner()
#1 /app/public/wp-includes/template-loader.php(74): include('/app/public/wp-...')
#2 /app/public/wp-blog-header.php(19): require_once('/app/public/wp-...')
#3 /app/public/index.php(17): require('/app/public/wp-...')
#4 {main}
  thrown in /app/public/wp-content/themes/newtheme/functions.php on line 3
[02-Apr-2019 17:33:25 UTC] PHP Parse error:  syntax error, unexpected ')' in /app/public/wp-content/themes/newtheme/functions.php on line 8
[02-Apr-2019 17:33:33 UTC] PHP Parse error:  syntax error, unexpected 'echo' (T_ECHO) in /app/public/wp-content/themes/newtheme/functions.php on line 8
[02-Apr-2019 18:01:25 UTC] PHP Parse error:  syntax error, unexpected ';', expecting ')' in /app/public/wp-content/themes/newtheme/page.php on line 10
[02-Apr-2019 18:08:28 UTC] PHP Parse error:  syntax error, unexpected '{', expecting '(' in /app/public/wp-content/themes/newtheme/functions.php on line 16
[02-Apr-2019 18:08:39 UTC] PHP Parse error:  syntax error, unexpected '{', expecting '(' in /app/public/wp-content/themes/newtheme/functions.php on line 14
[02-Apr-2019 18:09:15 UTC] PHP Parse error:  syntax error, unexpected '{', expecting '(' in /app/public/wp-content/themes/newtheme/functions.php on line 14
[02-Apr-2019 18:11:55 UTC] PHP Parse error:  syntax error, unexpected '{', expecting '(' in /app/public/wp-content/themes/newtheme/functions.php on line 15
[02-Apr-2019 18:13:27 UTC] PHP Parse error:  syntax error, unexpected '{', expecting '(' in /app/public/wp-content/themes/newtheme/functions.php on line 15
[02-Apr-2019 18:13:53 UTC] PHP Parse error:  syntax error, unexpected '{', expecting '(' in /app/public/wp-content/themes/newtheme/functions.php on line 15
[02-Apr-2019 18:14:13 UTC] PHP Parse error:  syntax error, unexpected 'endif' (T_ENDIF) in /app/public/wp-content/themes/newtheme/functions.php on line 19
[02-Apr-2019 18:14:45 UTC] PHP Parse error:  syntax error, unexpected 'endif' (T_ENDIF) in /app/public/wp-content/themes/newtheme/functions.php on line 19
[02-Apr-2019 18:31:11 UTC] PHP Parse error:  syntax error, unexpected 'endif' (T_ENDIF) in /app/public/wp-content/themes/newtheme/functions.php on line 17
[02-Apr-2019 18:31:47 UTC] PHP Parse error:  syntax error, unexpected '}' in /app/public/wp-content/themes/newtheme/functions.php on line 19
[02-Apr-2019 18:39:43 UTC] PHP Parse error:  syntax error, unexpected end of file in /app/public/wp-content/themes/newtheme/functions.php on line 119
[02-Apr-2019 18:55:05 UTC] PHP Parse error:  syntax error, unexpected '';' (T_CONSTANT_ENCAPSED_STRING) in /app/public/wp-content/themes/newtheme/functions.php on line 27
[02-Apr-2019 18:55:21 UTC] PHP Parse error:  syntax error, unexpected '';' (T_CONSTANT_ENCAPSED_STRING) in /app/public/wp-content/themes/newtheme/functions.php on line 27
[06-Apr-2019 16:25:34 UTC] PHP Parse error:  syntax error, unexpected ';', expecting ',' or ')' in /app/public/wp-content/themes/newtheme/functions.php on line 32
[06-Apr-2019 16:45:05 UTC] PHP Parse error:  syntax error, unexpected ';', expecting ')' in /app/public/wp-content/themes/newtheme/archive.php on line 5
[06-Apr-2019 16:45:16 UTC] PHP Parse error:  syntax error, unexpected ';', expecting ')' in /app/public/wp-content/themes/newtheme/archive.php on line 5
[06-Apr-2019 23:03:45 UTC] PHP Parse error:  syntax error, unexpected '$mapLocation' (T_VARIABLE) in /app/public/wp-content/themes/newtheme/archive-campus.php on line 22
[06-Apr-2019 23:03:55 UTC] PHP Parse error:  syntax error, unexpected '$mapLocation' (T_VARIABLE) in /app/public/wp-content/themes/newtheme/archive-campus.php on line 22
[06-Apr-2019 23:04:07 UTC] PHP Parse error:  syntax error, unexpected '$mapLocation' (T_VARIABLE) in /app/public/wp-content/themes/newtheme/archive-campus.php on line 22
[06-Apr-2019 23:04:50 UTC] PHP Parse error:  syntax error, unexpected '$mapLocation' (T_VARIABLE) in /app/public/wp-content/themes/newtheme/archive-campus.php on line 22
[07-Apr-2019 18:00:13 UTC] PHP Parse error:  syntax error, unexpected 'return' (T_RETURN) in /app/public/wp-content/themes/newtheme/functions.php on line 131
[07-Apr-2019 18:00:17 UTC] PHP Parse error:  syntax error, unexpected 'return' (T_RETURN) in /app/public/wp-content/themes/newtheme/functions.php on line 131
[07-Apr-2019 18:00:17 UTC] PHP Parse error:  syntax error, unexpected 'return' (T_RETURN) in /app/public/wp-content/themes/newtheme/functions.php on line 131
[09-Apr-2019 18:31:15 UTC] PHP Parse error:  syntax error, unexpected '}', expecting ',' or ';' in /app/public/wp-content/themes/newtheme/single-program.php on line 108
[09-Apr-2019 18:32:56 UTC] PHP Parse error:  syntax error, unexpected '.' in /app/public/wp-content/themes/newtheme/single-program.php on line 106
